Scanning 633 folders for symlinks in /home/stefanocremona/workspace/inforomait.react/node_modules (10ms)
 ┌────────────────────────────────────────────────────────────────────────────┐ 
 │  Running packager on port 8081.                                            │ 
 │                                                                            │ 
 │  Keep this packager running while developing on any JS projects. Feel      │ 
 │  free to close this tab and run your own packager instance if you          │ 
 │  prefer.                                                                   │ 
 │                                                                            │ 
 │  https://github.com/facebook/react-native                                  │ 
 │                                                                            │ 
 └────────────────────────────────────────────────────────────────────────────┘ 
Looking for JS files in
   /home/stefanocremona/workspace/inforomait.react 


React packager ready.

Loading dependency graph, done.
Bundling `index.android.js`
  Transforming modules  100.0% (391/391), done.
Bundling `index.android.js`
  Updating 1 module in place, done
Bundling `index.android.js`
  Transforming modules  100.0% (391/391), done.
Bundling `index.android.js`
  No module changed.
Bundling `index.android.js`
  No module changed.
